

================================================================
== Vivado HLS Report for 'xFSobelFilter3x3'
================================================================
* Date:           Wed May 23 18:09:53 2018

* Version:        2018.1 (Build 2188600 on Wed Apr 04 19:04:02 MDT 2018)
* Project:        sobel_accel
* Solution:       solution
* Product family: zynq
* Target device:  xc7z020clg484-1


================================================================
== Performance Estimates
================================================================
+ Timing (ns): 
    * Summary: 
    +--------+-------+----------+------------+
    |  Clock | Target| Estimated| Uncertainty|
    +--------+-------+----------+------------+
    |ap_clk  |  10.00|      6.89|        2.70|
    +--------+-------+----------+------------+

+ Latency (clock cycles): 
    * Summary: 
    +--------+--------+--------+--------+---------+
    |     Latency     |     Interval    | Pipeline|
    |   min  |   max  |   min  |   max  |   Type  |
    +--------+--------+--------+--------+---------+
    |  312163|  312163|  312163|  312163|   none  |
    +--------+--------+--------+--------+---------+

    + Detail: 
        * Instance: 
        +---------------------------------+----------------------+-----+-----+-----+-----+----------+
        |                                 |                      |  Latency  |  Interval | Pipeline |
        |             Instance            |        Module        | min | max | min | max |   Type   |
        +---------------------------------+----------------------+-----+-----+-----+-----+----------+
        |grp_xFSobel3x3_1_0_0_s_fu_367    |xFSobel3x3_1_0_0_s    |    1|    1|    1|    1| function |
        |grp_xFGradientX3x3_0_0_s_fu_384  |xFGradientX3x3_0_0_s  |    1|    1|    1|    1| function |
        |grp_xFGradientY3x3_0_0_s_fu_400  |xFGradientY3x3_0_0_s  |    1|    1|    1|    1| function |
        +---------------------------------+----------------------+-----+-----+-----+-----+----------+

        * Loop: 
        +------------------+--------+--------+----------+-----------+-----------+------+----------+
        |                  |     Latency     | Iteration|  Initiation Interval  | Trip |          |
        |     Loop Name    |   min  |   max  |  Latency |  achieved |   target  | Count| Pipelined|
        +------------------+--------+--------+----------+-----------+-----------+------+----------+
        |- Clear_Row_Loop  |     640|     640|         2|          1|          1|   640|    yes   |
        |- Row_Loop        |  311520|  311520|       649|          -|          -|   480|    no    |
        | + Col_Loop       |     644|     644|         6|          1|          1|   640|    yes   |
        +------------------+--------+--------+----------+-----------+-----------+------+----------+



================================================================
== Utilization Estimates
================================================================
* Summary: 
+-----------------+---------+-------+--------+-------+
|       Name      | BRAM_18K| DSP48E|   FF   |  LUT  |
+-----------------+---------+-------+--------+-------+
|DSP              |        -|      -|       -|      -|
|Expression       |        -|      -|       0|    280|
|FIFO             |        -|      -|       -|      -|
|Instance         |        -|      -|     108|    401|
|Memory           |        3|      -|       0|      0|
|Multiplexer      |        -|      -|       -|    416|
|Register         |        0|      -|     433|     64|
+-----------------+---------+-------+--------+-------+
|Total            |        3|      0|     541|   1161|
+-----------------+---------+-------+--------+-------+
|Available        |      280|    220|  106400|  53200|
+-----------------+---------+-------+--------+-------+
|Utilization (%)  |        1|      0|   ~0   |      2|
+-----------------+---------+-------+--------+-------+

+ Detail: 
    * Instance: 
    +---------------------------------+----------------------+---------+-------+----+-----+
    |             Instance            |        Module        | BRAM_18K| DSP48E| FF | LUT |
    +---------------------------------+----------------------+---------+-------+----+-----+
    |sobel_accel_mux_3eOg_U33         |sobel_accel_mux_3eOg  |        0|      0|   0|   15|
    |sobel_accel_mux_3eOg_U34         |sobel_accel_mux_3eOg  |        0|      0|   0|   15|
    |sobel_accel_mux_3eOg_U35         |sobel_accel_mux_3eOg  |        0|      0|   0|   15|
    |grp_xFGradientX3x3_0_0_s_fu_384  |xFGradientX3x3_0_0_s  |        0|      0|  27|   89|
    |grp_xFGradientY3x3_0_0_s_fu_400  |xFGradientY3x3_0_0_s  |        0|      0|  27|   89|
    |grp_xFSobel3x3_1_0_0_s_fu_367    |xFSobel3x3_1_0_0_s    |        0|      0|  54|  178|
    +---------------------------------+----------------------+---------+-------+----+-----+
    |Total                            |                      |        0|      0| 108|  401|
    +---------------------------------+----------------------+---------+-------+----+-----+

    * DSP48: 
    N/A

    * Memory: 
    +-----------+----------------------+---------+---+----+------+-----+------+-------------+
    |   Memory  |        Module        | BRAM_18K| FF| LUT| Words| Bits| Banks| W*Bits*Banks|
    +-----------+----------------------+---------+---+----+------+-----+------+-------------+
    |buf_0_V_U  |xFSobelFilter3x3_bkb  |        1|  0|   0|   640|    8|     1|         5120|
    |buf_1_V_U  |xFSobelFilter3x3_bkb  |        1|  0|   0|   640|    8|     1|         5120|
    |buf_2_V_U  |xFSobelFilter3x3_bkb  |        1|  0|   0|   640|    8|     1|         5120|
    +-----------+----------------------+---------+---+----+------+-----+------+-------------+
    |Total      |                      |        3|  0|   0|  1920|   24|     3|        15360|
    +-----------+----------------------+---------+---+----+------+-----+------+-------------+

    * FIFO: 
    N/A

    * Expression: 
    +-----------------------------------+----------+-------+---+----+------------+------------+
    |           Variable Name           | Operation| DSP48E| FF| LUT| Bitwidth P0| Bitwidth P1|
    +-----------------------------------+----------+-------+---+----+------------+------------+
    |col_V_1_fu_613_p2                  |     +    |      0|  0|  17|          13|           1|
    |col_V_fu_433_p2                    |     +    |      0|  0|  17|          13|           1|
    |op2_assign_fu_448_p2               |     +    |      0|  0|  24|          17|           1|
    |row_V_fu_699_p2                    |     +    |      0|  0|  17|          13|           1|
    |row_ind_V_fu_679_p2                |     +    |      0|  0|  17|          13|           1|
    |ap_block_pp0_stage0_11001          |    and   |      0|  0|   2|           1|           1|
    |ap_block_state3_pp0_stage0_iter1   |    and   |      0|  0|   2|           1|           1|
    |ap_block_state7_pp1_stage0_iter1   |    and   |      0|  0|   2|           1|           1|
    |ap_condition_368                   |    and   |      0|  0|   2|           1|           1|
    |ap_condition_675                   |    and   |      0|  0|   2|           1|           1|
    |ap_condition_679                   |    and   |      0|  0|   2|           1|           1|
    |ap_predicate_op105_read_state7     |    and   |      0|  0|   2|           1|           1|
    |sel_tmp2_fu_524_p2                 |    and   |      0|  0|   2|           1|           1|
    |tmp_12_i_i_fu_608_p2               |   icmp   |      0|  0|  13|          16|          16|
    |tmp_14_i_i_fu_685_p2               |   icmp   |      0|  0|  13|          13|           2|
    |tmp_15_i_i_fu_629_p2               |   icmp   |      0|  0|  13|          13|           1|
    |tmp_2_i_i_fu_428_p2                |   icmp   |      0|  0|  13|          16|          16|
    |tmp_3_i_i_fu_580_p2                |   icmp   |      0|  0|  13|          16|          16|
    |tmp_7_i_i_fu_458_p2                |   icmp   |      0|  0|  18|          17|          17|
    |tmp_8_i_i_fu_476_p2                |   icmp   |      0|  0|  13|          13|           2|
    |tmp_9_i_i_fu_482_p2                |   icmp   |      0|  0|  13|          13|           1|
    |tmp_i_i_fu_488_p2                  |   icmp   |      0|  0|  13|          13|           1|
    |ap_block_pp1_stage0_01001          |    or    |      0|  0|   2|           1|           1|
    |ap_block_state1                    |    or    |      0|  0|   2|           1|           1|
    |ap_block_state11_pp1_stage0_iter5  |    or    |      0|  0|   2|           1|           1|
    |ap_block_state14                   |    or    |      0|  0|   2|           1|           1|
    |tmp_fu_534_p2                      |    or    |      0|  0|   2|           1|           1|
    |p_0443_3_i_i_fu_572_p3             |  select  |      0|  0|   2|           1|           2|
    |p_0449_3_i_i_fu_556_p3             |  select  |      0|  0|   2|           1|           2|
    |p_0455_3_i_i_fu_540_p3             |  select  |      0|  0|   2|           1|           2|
    |p_1_i_i_12_fu_502_p3               |  select  |      0|  0|   2|           1|           1|
    |p_2_i_i_13_fu_510_p3               |  select  |      0|  0|   2|           1|           1|
    |p_i_i_15_fu_691_p3                 |  select  |      0|  0|  13|           1|           1|
    |p_i_i_fu_494_p3                    |  select  |      0|  0|   3|           1|           3|
    |sel_tmp4_fu_548_p3                 |  select  |      0|  0|   3|           1|           3|
    |sel_tmp8_fu_564_p3                 |  select  |      0|  0|   3|           1|           1|
    |ap_enable_pp0                      |    xor   |      0|  0|   2|           1|           2|
    |ap_enable_pp1                      |    xor   |      0|  0|   2|           1|           2|
    |ap_enable_reg_pp0_iter1            |    xor   |      0|  0|   2|           2|           1|
    |sel_tmp1_fu_518_p2                 |    xor   |      0|  0|   2|           1|           2|
    +-----------------------------------+----------+-------+---+----+------------+------------+
    |Total                              |          |      0|  0| 280|         226|         113|
    +-----------------------------------+----------+-------+---+----+------------+------------+

    * Multiplexer: 
    +-------------------------------------------+----+-----------+-----+-----------+
    |                    Name                   | LUT| Input Size| Bits| Total Bits|
    +-------------------------------------------+----+-----------+-----+-----------+
    |ap_NS_fsm                                  |  44|          9|    1|          9|
    |ap_done                                    |   9|          2|    1|          2|
    |ap_enable_reg_pp0_iter1                    |  15|          3|    1|          3|
    |ap_enable_reg_pp1_iter4                    |   9|          2|    1|          2|
    |ap_enable_reg_pp1_iter5                    |   9|          2|    1|          2|
    |ap_phi_mux_p_0177_0_i_i_i_phi_fu_284_p4    |   9|          2|   13|         26|
    |ap_phi_mux_p_1_i_i_phi_fu_248_p4           |   9|          2|   13|         26|
    |ap_phi_mux_src_buf1_0_V_phi_fu_346_p4      |   9|          2|    8|         16|
    |ap_phi_mux_src_buf1_V_0_i_i_phi_fu_358_p4  |   9|          2|    8|         16|
    |ap_phi_mux_src_buf2_V_0_i_i_phi_fu_320_p4  |   9|          2|    8|         16|
    |ap_phi_mux_src_buf3_0_V_phi_fu_334_p4      |   9|          2|    8|         16|
    |ap_phi_mux_src_buf3_V_0_i_i_phi_fu_296_p4  |   9|          2|    8|         16|
    |buf_0_V_address1                           |  21|          4|   10|         40|
    |buf_0_V_d1                                 |  15|          3|    8|         24|
    |buf_1_V_address1                           |  21|          4|   10|         40|
    |buf_1_V_d1                                 |  15|          3|    8|         24|
    |buf_2_V_address1                           |  15|          3|   10|         30|
    |buf_2_V_d1                                 |  15|          3|    8|         24|
    |p_0177_0_i_i_i_reg_280                     |   9|          2|   13|         26|
    |p_1_i_i_reg_244                            |   9|          2|   13|         26|
    |p_2_i_i_reg_256                            |   9|          2|   13|         26|
    |p_6_i_i_reg_268                            |   9|          2|   13|         26|
    |p_gradx_mat_V_V_blk_n                      |   9|          2|    1|          2|
    |p_gradx_mat_V_V_din                        |  15|          3|    8|         24|
    |p_grady_mat_V_V_blk_n                      |   9|          2|    1|          2|
    |p_grady_mat_V_V_din                        |  15|          3|    8|         24|
    |p_src_mat_V_V_blk_n                        |   9|          2|    1|          2|
    |p_src_mat_cols_read_blk_n                  |   9|          2|    1|          2|
    |p_src_mat_rows_read_blk_n                  |   9|          2|    1|          2|
    |src_buf1_0_V_reg_342                       |   9|          2|    8|         16|
    |src_buf1_V_0_i_i_reg_354                   |   9|          2|    8|         16|
    |src_buf2_0_V_reg_304                       |   9|          2|    8|         16|
    |src_buf2_V_0_i_i_reg_316                   |   9|          2|    8|         16|
    |src_buf3_0_V_reg_329                       |   9|          2|    8|         16|
    |src_buf3_V_0_i_i_reg_292                   |   9|          2|    8|         16|
    +-------------------------------------------+----+-----------+-----+-----------+
    |Total                                      | 416|         88|  246|        590|
    +-------------------------------------------+----+-----------+-----+-----------+

    * Register: 
    +-------------------------------+----+----+-----+-----------+
    |              Name             | FF | LUT| Bits| Const Bits|
    +-------------------------------+----+----+-----+-----------+
    |GradientValuesX_0_V_2_reg_849  |   8|   0|    8|          0|
    |GradientValuesX_0_V_reg_829    |   8|   0|    8|          0|
    |GradientValuesY_0_V_2_reg_854  |   8|   0|    8|          0|
    |GradientValuesY_0_V_reg_834    |   8|   0|    8|          0|
    |ap_CS_fsm                      |   8|   0|    8|          0|
    |ap_done_reg                    |   1|   0|    1|          0|
    |ap_enable_reg_pp0_iter0        |   1|   0|    1|          0|
    |ap_enable_reg_pp0_iter1        |   1|   0|    1|          0|
    |ap_enable_reg_pp1_iter0        |   1|   0|    1|          0|
    |ap_enable_reg_pp1_iter1        |   1|   0|    1|          0|
    |ap_enable_reg_pp1_iter2        |   1|   0|    1|          0|
    |ap_enable_reg_pp1_iter3        |   1|   0|    1|          0|
    |ap_enable_reg_pp1_iter4        |   1|   0|    1|          0|
    |ap_enable_reg_pp1_iter5        |   1|   0|    1|          0|
    |buf0_V_reg_811                 |   8|   0|    8|          0|
    |buf1_V_reg_817                 |   8|   0|    8|          0|
    |buf2_V_reg_823                 |   8|   0|    8|          0|
    |col_V_1_reg_780                |  13|   0|   13|          0|
    |col_V_reg_721                  |  13|   0|   13|          0|
    |op2_assign_reg_744             |  17|   0|   17|          0|
    |p_0177_0_i_i_i_reg_280         |  13|   0|   13|          0|
    |p_0443_3_i_i_reg_763           |   2|   0|    2|          0|
    |p_0449_3_i_i_reg_758           |   2|   0|    2|          0|
    |p_0455_3_i_i_reg_753           |   2|   0|    2|          0|
    |p_1_i_i_reg_244                |  13|   0|   13|          0|
    |p_2_i_i_reg_256                |  13|   0|   13|          0|
    |p_3_i_i_fu_104                 |   2|   0|    2|          0|
    |p_4_i_i_fu_100                 |   2|   0|    2|          0|
    |p_5_i_i_fu_96                  |   2|   0|    2|          0|
    |p_6_i_i_reg_268                |  13|   0|   13|          0|
    |p_i_i_15_reg_839               |  13|   0|   13|          0|
    |row_V_reg_844                  |  13|   0|   13|          0|
    |src_buf1_0_V_reg_342           |   8|   0|    8|          0|
    |src_buf1_V_0_i_i_reg_354       |   8|   0|    8|          0|
    |src_buf2_0_V_reg_304           |   8|   0|    8|          0|
    |src_buf2_V_0_i_i_reg_316       |   8|   0|    8|          0|
    |src_buf3_0_V_reg_329           |   8|   0|    8|          0|
    |src_buf3_V_0_i_i_reg_292       |   8|   0|    8|          0|
    |tmp_11_i_i_reg_785             |  13|   0|   32|         19|
    |tmp_12_i_i_reg_776             |   1|   0|    1|          0|
    |tmp_15_i_i_reg_792             |   1|   0|    1|          0|
    |tmp_1_reg_705                  |  16|   0|   16|          0|
    |tmp_2_i_i_reg_717              |   1|   0|    1|          0|
    |tmp_2_reg_711                  |  16|   0|   16|          0|
    |tmp_3_i_i_reg_768              |   1|   0|    1|          0|
    |tmp_3_reg_772                  |   2|   0|    2|          0|
    |tmp_12_i_i_reg_776             |  64|  32|    1|          0|
    |tmp_15_i_i_reg_792             |  64|  32|    1|          0|
    +-------------------------------+----+----+-----+-----------+
    |Total                          | 433|  64|  326|         19|
    +-------------------------------+----+----+-----+-----------+



================================================================
== Interface
================================================================
* Summary: 
+-----------------------------+-----+-----+------------+---------------------+--------------+
|          RTL Ports          | Dir | Bits|  Protocol  |    Source Object    |    C Type    |
+-----------------------------+-----+-----+------------+---------------------+--------------+
|ap_clk                       |  in |    1| ap_ctrl_hs |   xFSobelFilter3x3  | return value |
|ap_rst                       |  in |    1| ap_ctrl_hs |   xFSobelFilter3x3  | return value |
|ap_start                     |  in |    1| ap_ctrl_hs |   xFSobelFilter3x3  | return value |
|ap_done                      | out |    1| ap_ctrl_hs |   xFSobelFilter3x3  | return value |
|ap_continue                  |  in |    1| ap_ctrl_hs |   xFSobelFilter3x3  | return value |
|ap_idle                      | out |    1| ap_ctrl_hs |   xFSobelFilter3x3  | return value |
|ap_ready                     | out |    1| ap_ctrl_hs |   xFSobelFilter3x3  | return value |
|p_src_mat_V_V_dout           |  in |    8|   ap_fifo  |    p_src_mat_V_V    |    pointer   |
|p_src_mat_V_V_empty_n        |  in |    1|   ap_fifo  |    p_src_mat_V_V    |    pointer   |
|p_src_mat_V_V_read           | out |    1|   ap_fifo  |    p_src_mat_V_V    |    pointer   |
|p_gradx_mat_V_V_din          | out |    8|   ap_fifo  |   p_gradx_mat_V_V   |    pointer   |
|p_gradx_mat_V_V_full_n       |  in |    1|   ap_fifo  |   p_gradx_mat_V_V   |    pointer   |
|p_gradx_mat_V_V_write        | out |    1|   ap_fifo  |   p_gradx_mat_V_V   |    pointer   |
|p_grady_mat_V_V_din          | out |    8|   ap_fifo  |   p_grady_mat_V_V   |    pointer   |
|p_grady_mat_V_V_full_n       |  in |    1|   ap_fifo  |   p_grady_mat_V_V   |    pointer   |
|p_grady_mat_V_V_write        | out |    1|   ap_fifo  |   p_grady_mat_V_V   |    pointer   |
|p_src_mat_rows_read_dout     |  in |   32|   ap_fifo  | p_src_mat_rows_read |    pointer   |
|p_src_mat_rows_read_empty_n  |  in |    1|   ap_fifo  | p_src_mat_rows_read |    pointer   |
|p_src_mat_rows_read_read     | out |    1|   ap_fifo  | p_src_mat_rows_read |    pointer   |
|p_src_mat_cols_read_dout     |  in |   32|   ap_fifo  | p_src_mat_cols_read |    pointer   |
|p_src_mat_cols_read_empty_n  |  in |    1|   ap_fifo  | p_src_mat_cols_read |    pointer   |
|p_src_mat_cols_read_read     | out |    1|   ap_fifo  | p_src_mat_cols_read |    pointer   |
+-----------------------------+-----+-----+------------+---------------------+--------------+

