

================================================================
== Vivado HLS Report for 'Sobel_Loop_2_proc38'
================================================================
* Date:           Wed May 23 18:09:50 2018

* Version:        2018.1 (Build 2188600 on Wed Apr 04 19:04:02 MDT 2018)
* Project:        sobel_accel
* Solution:       solution
* Product family: zynq
* Target device:  xc7z020clg484-1


================================================================
== Performance Estimates
================================================================
+ Timing (ns): 
    * Summary: 
    +--------+-------+----------+------------+
    |  Clock | Target| Estimated| Uncertainty|
    +--------+-------+----------+------------+
    |ap_clk  |  10.00|      6.89|        2.70|
    +--------+-------+----------+------------+

+ Latency (clock cycles): 
    * Summary: 
    +-----+--------+-----+--------+---------+
    |    Latency   |   Interval   | Pipeline|
    | min |   max  | min |   max  |   Type  |
    +-----+--------+-----+--------+---------+
    |    5|  308641|    5|  308641|   none  |
    +-----+--------+-----+--------+---------+

    + Detail: 
        * Instance: 
        N/A

        * Loop: 
        +-------------+-----+--------+----------+-----------+-----------+---------+----------+
        |             |    Latency   | Iteration|  Initiation Interval  |   Trip  |          |
        |  Loop Name  | min |   max  |  Latency |  achieved |   target  |  Count  | Pipelined|
        +-------------+-----+--------+----------+-----------+-----------+---------+----------+
        |- Loop 1     |    4|  308640|  4 ~ 643 |          -|          -| 1 ~ 480 |    no    |
        | + Loop 1.1  |    1|     640|         2|          1|          1| 1 ~ 640 |    yes   |
        +-------------+-----+--------+----------+-----------+-----------+---------+----------+

============================================================
+ Verbose Summary: Synthesis Manager
============================================================
InlineROM: 1
ExposeGlobal: 0
============================================================
+ Verbose Summary: CDFG Model
============================================================
IsTopModel: 0
ResetActiveHigh: 1
IsCombinational: 2
IsDatapathOnly: 0
HasWiredReturn: 1
HasMFsm: 0
HasVarLatency: 1
IsPipeline: 0
IsRtlPipelined: 0
IsInstanceOverlapped: 0
IsDontTouch: 0
HasImplIP: 0
IsGatedGlobalClock: 0

+ Individual pipeline summary: 
  * Pipeline-0: initiation interval (II) = 1, depth = 2


============================================================
+ Verbose Summary: Schedule
============================================================
* Number of FSM states : 5
* Pipeline : 1
  Pipeline-0 : II = 1, D = 2, States = { 3 4 }
* Dataflow Pipeline: 0

* FSM state transitions: 
1 --> 
	2  / true
2 --> 
	3  / (tmp_20_i)
3 --> 
	5  / (!tmp_22_i)
	4  / (tmp_22_i)
4 --> 
	3  / true
5 --> 
	2  / true

* FSM state operations: 

 <State 1> : 3.63ns
ST_1 : Operation 6 [1/1] (0.00ns)   --->   "%empty = call i32 (...)* @_ssdm_op_SpecInterface(i8* %p_dsty_V_V, [8 x i8]* @ap_fifo_str, i32 0, i32 0, [1 x i8]* @p_str, i32 0, i32 0, [1 x i8]* @p_str, [1 x i8]* @p_str, [1 x i8]* @p_str, i32 2, i32 2, i32 16, i32 16, [1 x i8]* @p_str, [1 x i8]* @p_str)"
ST_1 : Operation 7 [1/1] (0.00ns)   --->   "%empty_24 = call i32 (...)* @_ssdm_op_SpecInterface(i8* %p_dstx_V_V, [8 x i8]* @ap_fifo_str, i32 0, i32 0, [1 x i8]* @p_str, i32 0, i32 0, [1 x i8]* @p_str, [1 x i8]* @p_str, [1 x i8]* @p_str, i32 2, i32 2, i32 16, i32 16, [1 x i8]* @p_str, [1 x i8]* @p_str)"
ST_1 : Operation 8 [1/1] (0.00ns)   --->   "%empty_25 = call i32 (...)* @_ssdm_op_SpecInterface(i32* %p_dst_maty_cols_read, [8 x i8]* @ap_fifo_str, i32 0, i32 0, [1 x i8]* @p_str, i32 0, i32 0, [1 x i8]* @p_str, [1 x i8]* @p_str, [1 x i8]* @p_str, i32 2, i32 2, i32 16, i32 16, [1 x i8]* @p_str, [1 x i8]* @p_str)"
ST_1 : Operation 9 [1/1] (0.00ns)   --->   "%empty_26 = call i32 (...)* @_ssdm_op_SpecInterface(i32* %p_dst_matx_cols_read, [8 x i8]* @ap_fifo_str, i32 0, i32 0, [1 x i8]* @p_str, i32 0, i32 0, [1 x i8]* @p_str, [1 x i8]* @p_str, [1 x i8]* @p_str, i32 2, i32 2, i32 16, i32 16, [1 x i8]* @p_str, [1 x i8]* @p_str)"
ST_1 : Operation 10 [1/1] (0.00ns)   --->   "%empty_27 = call i32 (...)* @_ssdm_op_SpecInterface(i32* %p_dst_matx_rows_read, [8 x i8]* @ap_fifo_str, i32 0, i32 0, [1 x i8]* @p_str, i32 0, i32 0, [1 x i8]* @p_str, [1 x i8]* @p_str, [1 x i8]* @p_str, i32 2, i32 2, i32 16, i32 16, [1 x i8]* @p_str, [1 x i8]* @p_str)"
ST_1 : Operation 11 [1/1] (3.63ns)   --->   "%p_dst_matx_rows_read_1 = call i32 @_ssdm_op_Read.ap_fifo.i32P(i32* %p_dst_matx_rows_read)"   --->   Core 32 'FIFO' <Latency = 0> <II = 1> <Delay = 3.63> <Storage> <Opcode : 'read' 'write' 'nbread' 'nbwrite'> <Ports = 0> <Width = 32> <Depth = 3> <FIFO>
ST_1 : Operation 12 [1/1] (3.63ns)   --->   "%p_dst_matx_cols_read_1 = call i32 @_ssdm_op_Read.ap_fifo.i32P(i32* %p_dst_matx_cols_read)"   --->   Core 32 'FIFO' <Latency = 0> <II = 1> <Delay = 3.63> <Storage> <Opcode : 'read' 'write' 'nbread' 'nbwrite'> <Ports = 0> <Width = 32> <Depth = 3> <FIFO>
ST_1 : Operation 13 [1/1] (3.63ns)   --->   "%p_dst_maty_cols_read_1 = call i32 @_ssdm_op_Read.ap_fifo.i32P(i32* %p_dst_maty_cols_read)"   --->   Core 32 'FIFO' <Latency = 0> <II = 1> <Delay = 3.63> <Storage> <Opcode : 'read' 'write' 'nbread' 'nbwrite'> <Ports = 0> <Width = 32> <Depth = 3> <FIFO>
ST_1 : Operation 14 [1/1] (0.00ns)   --->   "%tmp = trunc i32 %p_dst_matx_cols_read_1 to i20" [C:/xfopencv/include\imgproc/xf_sobel.hpp:1485]
ST_1 : Operation 15 [1/1] (0.00ns)   --->   "%tmp_10 = trunc i32 %p_dst_maty_cols_read_1 to i20" [C:/xfopencv/include\imgproc/xf_sobel.hpp:1486]
ST_1 : Operation 16 [1/1] (1.76ns)   --->   "br label %0" [C:/xfopencv/include\imgproc/xf_sobel.hpp:1477]

 <State 2> : 5.86ns
ST_2 : Operation 17 [1/1] (0.00ns)   --->   "%i1_i = phi i31 [ 0, %entry ], [ %i, %1 ]"
ST_2 : Operation 18 [1/1] (0.00ns)   --->   "%i1_cast_i = zext i31 %i1_i to i32" [C:/xfopencv/include\imgproc/xf_sobel.hpp:1477]
ST_2 : Operation 19 [1/1] (0.00ns)   --->   "%tmp_11 = trunc i31 %i1_i to i20" [C:/xfopencv/include\imgproc/xf_sobel.hpp:1477]
ST_2 : Operation 20 [1/1] (2.47ns)   --->   "%tmp_20_i = icmp slt i32 %i1_cast_i, %p_dst_matx_rows_read_1" [C:/xfopencv/include\imgproc/xf_sobel.hpp:1477]   --->   Core 25 'Cmp' <Latency = 0> <II = 1> <Delay = 2.47> <FuncUnit> <Opcode : 'icmp'> <InPorts = 2> <OutPorts = 1>
ST_2 : Operation 21 [1/1] (2.52ns)   --->   "%i = add i31 1, %i1_i" [C:/xfopencv/include\imgproc/xf_sobel.hpp:1477]   --->   Core 14 'AddSub' <Latency = 0> <II = 1> <Delay = 2.52> <FuncUnit> <Opcode : 'add' 'sub'> <InPorts = 2> <OutPorts = 1>
ST_2 : Operation 22 [1/1] (0.00ns)   --->   "br i1 %tmp_20_i, label %3, label %.exit" [C:/xfopencv/include\imgproc/xf_sobel.hpp:1477]
ST_2 : Operation 23 [1/1] (0.00ns)   --->   "%tmp_16_i = call i32 (...)* @_ssdm_op_SpecRegionBegin([12 x i8]* @p_str3)" [C:/xfopencv/include\imgproc/xf_sobel.hpp:1478]
ST_2 : Operation 24 [1/1] (0.00ns)   --->   "call void (...)* @_ssdm_op_SpecLoopTripCount(i32 1, i32 480, i32 0, [1 x i8]* @p_str) nounwind" [C:/xfopencv/include\imgproc/xf_sobel.hpp:1479]
ST_2 : Operation 25 [1/1] (5.86ns)   --->   "%tmp_23_i = mul i20 %tmp, %tmp_11" [C:/xfopencv/include\imgproc/xf_sobel.hpp:1485]   --->   Core 16 'Mul' <Latency = 0> <II = 1> <Delay = 5.86> <FuncUnit> <Opcode : 'mul'> <InPorts = 2> <OutPorts = 1>
ST_2 : Operation 26 [1/1] (5.86ns)   --->   "%tmp_24_i = mul i20 %tmp_10, %tmp_11" [C:/xfopencv/include\imgproc/xf_sobel.hpp:1486]   --->   Core 16 'Mul' <Latency = 0> <II = 1> <Delay = 5.86> <FuncUnit> <Opcode : 'mul'> <InPorts = 2> <OutPorts = 1>
ST_2 : Operation 27 [1/1] (1.76ns)   --->   "br label %2" [C:/xfopencv/include\imgproc/xf_sobel.hpp:1480]
ST_2 : Operation 28 [1/1] (0.00ns)   --->   "ret void"

 <State 3> : 2.52ns
ST_3 : Operation 29 [1/1] (0.00ns)   --->   "%j2_i = phi i31 [ 0, %3 ], [ %j, %4 ]"
ST_3 : Operation 30 [1/1] (0.00ns)   --->   "%j2_cast_i = zext i31 %j2_i to i32" [C:/xfopencv/include\imgproc/xf_sobel.hpp:1480]
ST_3 : Operation 31 [1/1] (0.00ns)   --->   "%tmp_12 = trunc i31 %j2_i to i20" [C:/xfopencv/include\imgproc/xf_sobel.hpp:1480]
ST_3 : Operation 32 [1/1] (2.47ns)   --->   "%tmp_22_i = icmp slt i32 %j2_cast_i, %p_dst_matx_cols_read_1" [C:/xfopencv/include\imgproc/xf_sobel.hpp:1480]   --->   Core 25 'Cmp' <Latency = 0> <II = 1> <Delay = 2.47> <FuncUnit> <Opcode : 'icmp'> <InPorts = 2> <OutPorts = 1>
ST_3 : Operation 33 [1/1] (2.52ns)   --->   "%j = add i31 1, %j2_i" [C:/xfopencv/include\imgproc/xf_sobel.hpp:1480]   --->   Core 14 'AddSub' <Latency = 0> <II = 1> <Delay = 2.52> <FuncUnit> <Opcode : 'add' 'sub'> <InPorts = 2> <OutPorts = 1>
ST_3 : Operation 34 [1/1] (0.00ns)   --->   "br i1 %tmp_22_i, label %4, label %1" [C:/xfopencv/include\imgproc/xf_sobel.hpp:1480]

 <State 4> : 6.89ns
ST_4 : Operation 35 [1/1] (0.00ns)   --->   "%tmp_17_i = call i32 (...)* @_ssdm_op_SpecRegionBegin([12 x i8]* @p_str4)" [C:/xfopencv/include\imgproc/xf_sobel.hpp:1481]
ST_4 : Operation 36 [1/1] (0.00ns)   --->   "call void (...)* @_ssdm_op_SpecLoopTripCount(i32 1, i32 640, i32 0, [1 x i8]* @p_str) nounwind" [C:/xfopencv/include\imgproc/xf_sobel.hpp:1482]
ST_4 : Operation 37 [1/1] (0.00ns)   --->   "call void (...)* @_ssdm_op_SpecPipeline(i32 -1, i32 1, i32 1, i32 0, [1 x i8]* @p_str) nounwind" [C:/xfopencv/include\imgproc/xf_sobel.hpp:1483]
ST_4 : Operation 38 [1/1] (2.19ns)   --->   "%p_sum_i = add i20 %tmp_23_i, %tmp_12" [C:/xfopencv/include\imgproc/xf_sobel.hpp:1485]   --->   Core 14 'AddSub' <Latency = 0> <II = 1> <Delay = 2.52> <FuncUnit> <Opcode : 'add' 'sub'> <InPorts = 2> <OutPorts = 1>
ST_4 : Operation 39 [1/1] (0.00ns)   --->   "%p_sum_cast_i = zext i20 %p_sum_i to i32" [C:/xfopencv/include\imgproc/xf_sobel.hpp:1485]
ST_4 : Operation 40 [1/1] (3.63ns)   --->   "%tmp_V = call i8 @_ssdm_op_Read.ap_fifo.volatile.i8P(i8* %p_dstx_V_V)" [C:/xfopencv/include\imgproc/xf_sobel.hpp:1485]   --->   Core 32 'FIFO' <Latency = 0> <II = 1> <Delay = 3.63> <Storage> <Opcode : 'read' 'write' 'nbread' 'nbwrite'> <Ports = 0> <Width = 32> <Depth = 3> <FIFO>
ST_4 : Operation 41 [1/1] (0.00ns)   --->   "%p_dst_matx_data_V_add = getelementptr [307200 x i8]* %p_dst_matx_data_V, i32 0, i32 %p_sum_cast_i" [C:/xfopencv/include\imgproc/xf_sobel.hpp:1485]
ST_4 : Operation 42 [1/1] (3.25ns)   --->   "store i8 %tmp_V, i8* %p_dst_matx_data_V_add, align 1" [C:/xfopencv/include\imgproc/xf_sobel.hpp:1485]   --->   Core 37 'RAM' <Latency = 1> <II = 1> <Delay = 3.25> <Storage> <Opcode : 'load' 'store'> <Ports = 2> <Width = 8> <Depth = 307200> <RAM>
ST_4 : Operation 43 [1/1] (2.19ns)   --->   "%p_sum2_i = add i20 %tmp_24_i, %tmp_12" [C:/xfopencv/include\imgproc/xf_sobel.hpp:1486]   --->   Core 14 'AddSub' <Latency = 0> <II = 1> <Delay = 2.52> <FuncUnit> <Opcode : 'add' 'sub'> <InPorts = 2> <OutPorts = 1>
ST_4 : Operation 44 [1/1] (0.00ns)   --->   "%p_sum2_cast_i = zext i20 %p_sum2_i to i32" [C:/xfopencv/include\imgproc/xf_sobel.hpp:1486]
ST_4 : Operation 45 [1/1] (3.63ns)   --->   "%tmp_V_6 = call i8 @_ssdm_op_Read.ap_fifo.volatile.i8P(i8* %p_dsty_V_V)" [C:/xfopencv/include\imgproc/xf_sobel.hpp:1486]   --->   Core 32 'FIFO' <Latency = 0> <II = 1> <Delay = 3.63> <Storage> <Opcode : 'read' 'write' 'nbread' 'nbwrite'> <Ports = 0> <Width = 32> <Depth = 3> <FIFO>
ST_4 : Operation 46 [1/1] (0.00ns)   --->   "%p_dst_maty_data_V_add = getelementptr [307200 x i8]* %p_dst_maty_data_V, i32 0, i32 %p_sum2_cast_i" [C:/xfopencv/include\imgproc/xf_sobel.hpp:1486]
ST_4 : Operation 47 [1/1] (3.25ns)   --->   "store i8 %tmp_V_6, i8* %p_dst_maty_data_V_add, align 1" [C:/xfopencv/include\imgproc/xf_sobel.hpp:1486]   --->   Core 37 'RAM' <Latency = 1> <II = 1> <Delay = 3.25> <Storage> <Opcode : 'load' 'store'> <Ports = 2> <Width = 8> <Depth = 307200> <RAM>
ST_4 : Operation 48 [1/1] (0.00ns)   --->   "%empty_29 = call i32 (...)* @_ssdm_op_SpecRegionEnd([12 x i8]* @p_str4, i32 %tmp_17_i)" [C:/xfopencv/include\imgproc/xf_sobel.hpp:1487]
ST_4 : Operation 49 [1/1] (0.00ns)   --->   "br label %2" [C:/xfopencv/include\imgproc/xf_sobel.hpp:1480]

 <State 5> : 0.00ns
ST_5 : Operation 50 [1/1] (0.00ns)   --->   "%empty_28 = call i32 (...)* @_ssdm_op_SpecRegionEnd([12 x i8]* @p_str3, i32 %tmp_16_i)" [C:/xfopencv/include\imgproc/xf_sobel.hpp:1488]
ST_5 : Operation 51 [1/1] (0.00ns)   --->   "br label %0" [C:/xfopencv/include\imgproc/xf_sobel.hpp:1477]


============================================================
+ Verbose Summary: Timing violations
============================================================
Target clock period: 10ns, clock uncertainty: 2.7ns.

 <State 1>: 3.63ns
The critical path consists of the following:
	fifo read on port 'p_dst_matx_rows_read' [13]  (3.63 ns)

 <State 2>: 5.86ns
The critical path consists of the following:
	'phi' operation ('i') with incoming values : ('i', C:/xfopencv/include\imgproc/xf_sobel.hpp:1477) [20]  (0 ns)
	'mul' operation ('tmp_23_i', C:/xfopencv/include\imgproc/xf_sobel.hpp:1485) [29]  (5.86 ns)

 <State 3>: 2.52ns
The critical path consists of the following:
	'phi' operation ('j') with incoming values : ('j', C:/xfopencv/include\imgproc/xf_sobel.hpp:1480) [33]  (0 ns)
	'add' operation ('j', C:/xfopencv/include\imgproc/xf_sobel.hpp:1480) [37]  (2.52 ns)

 <State 4>: 6.89ns
The critical path consists of the following:
	fifo read on port 'p_dstx_V_V' (C:/xfopencv/include\imgproc/xf_sobel.hpp:1485) [45]  (3.63 ns)
	'store' operation (C:/xfopencv/include\imgproc/xf_sobel.hpp:1485) of variable 'tmp.V', C:/xfopencv/include\imgproc/xf_sobel.hpp:1485 on array 'p_dst_matx_data_V' [47]  (3.25 ns)

 <State 5>: 0ns
The critical path consists of the following:


============================================================
+ Verbose Summary: Binding
============================================================
N/A
* FSMD analyzer results:
  - Output states:
 - Input state : 
  - Chain level:
	State 1
	State 2
	State 3
	State 4
	State 5


============================================================
+ Verbose Summary: Datapath Resource usage 
============================================================
N/A
